\BOOKMARK [1][-]{section.1}{\376\377\000I\000n\000t\000r\000o\000d\000u\000c\000t\000i\000o\000n}{}% 1
\BOOKMARK [1][-]{section.2}{\376\377\000M\000e\000t\000h\000o\000d\000o\000l\000o\000g\000y}{}% 2
\BOOKMARK [2][-]{subsection.2.1}{\376\377\000S\000t\000a\000t\000i\000s\000t\000i\000c\000a\000l\000\040\000M\000e\000t\000h\000o\000d\000s}{section.2}% 3
\BOOKMARK [3][-]{subsubsection.2.1.1}{\376\377\000C\000o\000r\000r\000e\000l\000a\000t\000i\000o\000n\000\040\000A\000n\000a\000l\000y\000s\000i\000s}{subsection.2.1}% 4
\BOOKMARK [3][-]{subsubsection.2.1.2}{\376\377\000V\000e\000c\000t\000o\000r\000\040\000A\000u\000t\000o\000r\000e\000g\000r\000e\000s\000s\000i\000o\000n\000\040\000\050\000V\000A\000R\000\051}{subsection.2.1}% 5
\BOOKMARK [3][-]{subsubsection.2.1.3}{\376\377\000G\000r\000a\000n\000g\000e\000r\000\040\000C\000a\000u\000s\000a\000l\000i\000t\000y\000\040\000T\000e\000s\000t\000s}{subsection.2.1}% 6
\BOOKMARK [1][-]{section.3}{\376\377\000R\000e\000s\000u\000l\000t\000s}{}% 7
\BOOKMARK [2][-]{subsection.3.1}{\376\377\000M\000a\000r\000k\000e\000t\000\040\000O\000v\000e\000r\000v\000i\000e\000w}{section.3}% 8
\BOOKMARK [2][-]{subsection.3.2}{\376\377\000C\000o\000r\000r\000e\000l\000a\000t\000i\000o\000n\000\040\000A\000n\000a\000l\000y\000s\000i\000s}{section.3}% 9
\BOOKMARK [2][-]{subsection.3.3}{\376\377\000V\000o\000l\000a\000t\000i\000l\000i\000t\000y\000\040\000A\000n\000a\000l\000y\000s\000i\000s}{section.3}% 10
\BOOKMARK [2][-]{subsection.3.4}{\376\377\000Y\000i\000e\000l\000d\000\040\000C\000u\000r\000v\000e\000\040\000D\000y\000n\000a\000m\000i\000c\000s}{section.3}% 11
\BOOKMARK [2][-]{subsection.3.5}{\376\377\000S\000t\000a\000t\000i\000s\000t\000i\000c\000a\000l\000\040\000A\000n\000a\000l\000y\000s\000i\000s\000\040\000R\000e\000s\000u\000l\000t\000s}{section.3}% 12
\BOOKMARK [3][-]{subsubsection.3.5.1}{\376\377\000V\000A\000R\000\040\000A\000n\000a\000l\000y\000s\000i\000s}{subsection.3.5}% 13
\BOOKMARK [3][-]{subsubsection.3.5.2}{\376\377\000G\000r\000a\000n\000g\000e\000r\000\040\000C\000a\000u\000s\000a\000l\000i\000t\000y}{subsection.3.5}% 14
\BOOKMARK [3][-]{subsubsection.3.5.3}{\376\377\000R\000e\000g\000r\000e\000s\000s\000i\000o\000n\000\040\000A\000n\000a\000l\000y\000s\000i\000s}{subsection.3.5}% 15
\BOOKMARK [2][-]{subsection.3.6}{\376\377\000L\000a\000g\000g\000e\000d\000\040\000R\000e\000l\000a\000t\000i\000o\000n\000s\000h\000i\000p\000s}{section.3}% 16
\BOOKMARK [2][-]{subsection.3.7}{\376\377\000Y\000i\000e\000l\000d\000\040\000S\000p\000r\000e\000a\000d\000s}{section.3}% 17
\BOOKMARK [1][-]{section.4}{\376\377\000D\000i\000s\000c\000u\000s\000s\000i\000o\000n}{}% 18
\BOOKMARK [2][-]{subsection.4.1}{\376\377\000M\000a\000r\000k\000e\000t\000\040\000D\000y\000n\000a\000m\000i\000c\000s}{section.4}% 19
\BOOKMARK [2][-]{subsection.4.2}{\376\377\000I\000m\000p\000l\000i\000c\000a\000t\000i\000o\000n\000s}{section.4}% 20
\BOOKMARK [1][-]{section.5}{\376\377\000C\000o\000n\000c\000l\000u\000s\000i\000o\000n}{}% 21
\BOOKMARK [2][-]{subsection.5.1}{\376\377\000F\000u\000t\000u\000r\000e\000\040\000R\000e\000s\000e\000a\000r\000c\000h\000\040\000D\000i\000r\000e\000c\000t\000i\000o\000n\000s}{section.5}% 22
